...found 9 targets...
...updating 1 target...
gcc.compile.c++ libs/config/checks/architecture/bin/gcc-arm/debug/32.o
libs/config/checks/architecture/32.cpp:9:36: error: size of array ‘test’ is negative
 int test[sizeof(void*) == 4? 1 : -1];
                                    ^

    "aarch64-linux-gnu-g++"   -fPIC -O0 -fno-inline -Wall -g -fPIC    -c -o "libs/config/checks/architecture/bin/gcc-arm/debug/32.o" "libs/config/checks/architecture/32.cpp"

...failed gcc.compile.c++ libs/config/checks/architecture/bin/gcc-arm/debug/32.o...
...removing libs/config/checks/architecture/bin/gcc-arm/debug/32.o
...failed updating 1 target...
...found 2 targets...
...updating 1 target...
gcc.compile.c++ libs/config/checks/architecture/bin/gcc-arm/debug/64.o
...updated 1 target...
...found 2 targets...
...updating 1 target...
gcc.compile.c++ libs/config/checks/architecture/bin/gcc-arm/debug/arm.o
...updated 1 target...
...found 129 targets...
...updating 3 targets...
gcc.compile.c++ bin.v2/libs/regex/build/gcc-arm/debug/threading-multi/visibility-hidden/has_icu_test.o
libs/regex/build/has_icu_test.cpp:12:10: fatal error: unicode/uversion.h: No such file or directory
 #include <unicode/uversion.h>
          ^~~~~~~~~~~~~~~~~~~~
compilation terminated.

    "aarch64-linux-gnu-g++"   -fvisibility-inlines-hidden -fPIC -pthread -O0 -fno-inline -Wall -g -fvisibility=hidden -fPIC -DBOOST_ALL_NO_LIB=1 -DBOOST_HAS_ICU=1  -I"." -c -o "bin.v2/libs/regex/build/gcc-arm/debug/threading-multi/visibility-hidden/has_icu_test.o" "libs/regex/build/has_icu_test.cpp"

...failed gcc.compile.c++ bin.v2/libs/regex/build/gcc-arm/debug/threading-multi/visibility-hidden/has_icu_test.o...
...skipped <pbin.v2/libs/regex/build/gcc-arm/debug/threading-multi/visibility-hidden>has_icu for lack of <pbin.v2/libs/regex/build/gcc-arm/debug/threading-multi/visibility-hidden>has_icu_test.o...
...skipped <pbin.v2/libs/regex/build/gcc-arm/debug/threading-multi/visibility-hidden>has_icu.passed for lack of <pbin.v2/libs/regex/build/gcc-arm/debug/threading-multi/visibility-hidden>has_icu...
...failed updating 1 target...
...skipped 2 targets...
...patience...
...found 120 targets...
...updating 2 targets...
gcc.compile.c++ bin.v2/libs/thread/build/gcc-arm/debug/threading-multi/visibility-hidden/has_atomic_flag_lockfree_test.o
gcc.link bin.v2/libs/thread/build/gcc-arm/debug/threading-multi/visibility-hidden/has_atomic_flag_lockfree
...updated 2 targets...
...found 1 target...
...updating 1 target...
config-cache.write bin.v2/project-cache.jam
...updated 1 target...
